<?xml version="1.0" encoding="UTF-8"?>
<testng-results ignored="0" total="2" passed="2" failed="0" skipped="0">
  <reporter-output>
  </reporter-output>
  <suite started-at="2023-11-07T20:20:53 IST" name="Default suite" finished-at="2023-11-07T20:22:18 IST" duration-ms="85021">
    <groups>
    </groups>
    <test started-at="2023-11-07T20:20:53 IST" name="Default test" finished-at="2023-11-07T20:22:18 IST" duration-ms="85021">
      <class name="lauditor.test.pages.ViewInoviceTest">
        <test-method is-config="true" signature="launchApplication()[pri:0, instance:lauditor.test.pages.ViewInoviceTest@24269709]" started-at="2023-11-07T20:20:53 IST" name="launchApplication" finished-at="2023-11-07T20:21:01 IST" duration-ms="7670" status="PASS">
          <reporter-output>
          </reporter-output>
        </test-method> <!-- launchApplication -->
        <test-method signature="ViewInvoice(java.util.HashMap)[pri:0, instance:lauditor.test.pages.ViewInoviceTest@24269709]" started-at="2023-11-07T20:21:01 IST" name="ViewInvoice" data-provider="getData0" finished-at="2023-11-07T20:21:42 IST" duration-ms="40872" status="PASS">
          <params>
            <param index="0">
              <value>
                <![CDATA[{Comment=TestCase 14.View Invoice, invDueDate=Aug 05, 2023, invNumber=300, invDate=Aug 04, 2023, invClientName=Ananth kumar}]]>
              </value>
            </param>
          </params>
          <reporter-output>
          </reporter-output>
        </test-method> <!-- ViewInvoice -->
        <test-method signature="ViewInvoiceCancel(java.util.HashMap)[pri:0, instance:lauditor.test.pages.ViewInoviceTest@24269709]" started-at="2023-11-07T20:21:42 IST" name="ViewInvoiceCancel" data-provider="getData1" finished-at="2023-11-07T20:22:18 IST" duration-ms="35658" status="PASS">
          <params>
            <param index="0">
              <value>
                <![CDATA[{Comment=TestCase 15s.View Invoice Cancel, invDueDate=Aug 05, 2023, invNumber=300, invDate=Aug 04, 2023, invClientName=Ananth kumar}]]>
              </value>
            </param>
          </params>
          <reporter-output>
          </reporter-output>
        </test-method> <!-- ViewInvoiceCancel -->
        <test-method is-config="true" signature="down()[pri:0, instance:lauditor.test.pages.ViewInoviceTest@24269709]" started-at="2023-11-07T20:22:18 IST" name="down" finished-at="2023-11-07T20:22:18 IST" duration-ms="278" status="PASS">
          <reporter-output>
          </reporter-output>
        </test-method> <!-- down -->
      </class> <!-- lauditor.test.pages.ViewInoviceTest -->
    </test> <!-- Default test -->
  </suite> <!-- Default suite -->
</testng-results>
